04:20:58 | INFO | ============================================================
04:20:58 | INFO | DATA COLLECTION PIPELINE
04:20:58 | INFO | Collecting top 100 traders from 10 tags
04:20:58 | INFO | ============================================================
04:20:58 | INFO | 
[1/3] Collecting markets...
04:20:58 | INFO | Collecting markets from 10 tags...
Traceback (most recent call last):
  File "/home/badboyhalo1801/Documents/deep/poly/.venv/lib/python3.10/site-packages/httpx/_transports/default.py", line 101, in map_httpcore_exceptions
    yield
  File "/home/badboyhalo1801/Documents/deep/poly/.venv/lib/python3.10/site-packages/httpx/_transports/default.py", line 250, in handle_request
    resp = self._pool.handle_request(req)
  File "/home/badboyhalo1801/Documents/deep/poly/.venv/lib/python3.10/site-packages/httpcore/_sync/connection_pool.py", line 256, in handle_request
    raise exc from None
  File "/home/badboyhalo1801/Documents/deep/poly/.venv/lib/python3.10/site-packages/httpcore/_sync/connection_pool.py", line 236, in handle_request
    response = connection.handle_request(
  File "/home/badboyhalo1801/Documents/deep/poly/.venv/lib/python3.10/site-packages/httpcore/_sync/connection.py", line 103, in handle_request
    return self._connection.handle_request(request)
  File "/home/badboyhalo1801/Documents/deep/poly/.venv/lib/python3.10/site-packages/httpcore/_sync/http11.py", line 136, in handle_request
    raise exc
  File "/home/badboyhalo1801/Documents/deep/poly/.venv/lib/python3.10/site-packages/httpcore/_sync/http11.py", line 106, in handle_request
    ) = self._receive_response_headers(**kwargs)
  File "/home/badboyhalo1801/Documents/deep/poly/.venv/lib/python3.10/site-packages/httpcore/_sync/http11.py", line 177, in _receive_response_headers
    event = self._receive_event(timeout=timeout)
  File "/home/badboyhalo1801/Documents/deep/poly/.venv/lib/python3.10/site-packages/httpcore/_sync/http11.py", line 217, in _receive_event
    data = self._network_stream.read(
  File "/home/badboyhalo1801/Documents/deep/poly/.venv/lib/python3.10/site-packages/httpcore/_backends/sync.py", line 126, in read
    with map_exceptions(exc_map):
  File "/home/badboyhalo1801/.local/share/uv/python/cpython-3.10.19-linux-x86_64-gnu/lib/python3.10/contextlib.py", line 153, in __exit__
    self.gen.throw(typ, value, traceback)
  File "/home/badboyhalo1801/Documents/deep/poly/.venv/lib/python3.10/site-packages/httpcore/_exceptions.py", line 14, in map_exceptions
    raise to_exc(exc) from exc
httpcore.ReadTimeout: The read operation timed out

The above exception was the direct cause of the following exception:

Traceback (most recent call last):
  File "/home/badboyhalo1801/Documents/deep/poly/cli.py", line 85, in <module>
    main()
  File "/home/badboyhalo1801/Documents/deep/poly/cli.py", line 81, in main
    args.func(args)
  File "/home/badboyhalo1801/Documents/deep/poly/cli.py", line 42, in cmd_run
    collect()
  File "/home/badboyhalo1801/Documents/deep/poly/pipelines/collect.py", line 29, in collect
    markets_df = collector.collect_markets(TAGS, MARKETS_PER_TAG)
  File "/home/badboyhalo1801/Documents/deep/poly/poly/collection/collector.py", line 64, in collect_markets
    events = self.client.get_events_by_tag(tag, limit=markets_per_tag)
  File "/home/badboyhalo1801/Documents/deep/poly/poly/api/polymarket.py", line 35, in get_events_by_tag
    resp = self.http.get(f"{self.gamma_base}/events", params=params)
  File "/home/badboyhalo1801/Documents/deep/poly/.venv/lib/python3.10/site-packages/httpx/_client.py", line 1053, in get
    return self.request(
  File "/home/badboyhalo1801/Documents/deep/poly/.venv/lib/python3.10/site-packages/httpx/_client.py", line 825, in request
    return self.send(request, auth=auth, follow_redirects=follow_redirects)
  File "/home/badboyhalo1801/Documents/deep/poly/.venv/lib/python3.10/site-packages/httpx/_client.py", line 914, in send
    response = self._send_handling_auth(
  File "/home/badboyhalo1801/Documents/deep/poly/.venv/lib/python3.10/site-packages/httpx/_client.py", line 942, in _send_handling_auth
    response = self._send_handling_redirects(
  File "/home/badboyhalo1801/Documents/deep/poly/.venv/lib/python3.10/site-packages/httpx/_client.py", line 979, in _send_handling_redirects
    response = self._send_single_request(request)
  File "/home/badboyhalo1801/Documents/deep/poly/.venv/lib/python3.10/site-packages/httpx/_client.py", line 1014, in _send_single_request
    response = transport.handle_request(request)
  File "/home/badboyhalo1801/Documents/deep/poly/.venv/lib/python3.10/site-packages/httpx/_transports/default.py", line 249, in handle_request
    with map_httpcore_exceptions():
  File "/home/badboyhalo1801/.local/share/uv/python/cpython-3.10.19-linux-x86_64-gnu/lib/python3.10/contextlib.py", line 153, in __exit__
    self.gen.throw(typ, value, traceback)
  File "/home/badboyhalo1801/Documents/deep/poly/.venv/lib/python3.10/site-packages/httpx/_transports/default.py", line 118, in map_httpcore_exceptions
    raise mapped_exc(message) from exc
httpx.ReadTimeout: The read operation timed out
